[2024-11-22 09:33:11] production.ERROR: The /home/tistech/dev/github/epitech/mirror/terracloud-app/bootstrap/cache directory must be present and writable. {"exception":"[object] (Exception(code: 0): The /home/tistech/dev/github/epitech/mirror/terracloud-app/bootstrap/cache directory must be present and writable. at /home/tistech/dev/github/epitech/mirror/terracloud-app/vendor/laravel/framework/src/Illuminate/Foundation/PackageManifest.php:177)
[stacktrace]
#0 /home/tistech/dev/github/epitech/mirror/terracloud-app/vendor/laravel/framework/src/Illuminate/Foundation/PackageManifest.php(136): Illuminate\\Foundation\\PackageManifest->write()
#1 /home/tistech/dev/github/epitech/mirror/terracloud-app/vendor/laravel/framework/src/Illuminate/Foundation/PackageManifest.php(106): Illuminate\\Foundation\\PackageManifest->build()
#2 /home/tistech/dev/github/epitech/mirror/terracloud-app/vendor/laravel/framework/src/Illuminate/Foundation/PackageManifest.php(89): Illuminate\\Foundation\\PackageManifest->getManifest()
#3 /home/tistech/dev/github/epitech/mirror/terracloud-app/vendor/laravel/framework/src/Illuminate/Foundation/PackageManifest.php(78): Illuminate\\Foundation\\PackageManifest->config()
#4 /home/tistech/dev/github/epitech/mirror/terracloud-app/vendor/laravel/framework/src/Illuminate/Foundation/Bootstrap/RegisterFacades.php(26): Illuminate\\Foundation\\PackageManifest->aliases()
#5 /home/tistech/dev/github/epitech/mirror/terracloud-app/vendor/laravel/framework/src/Illuminate/Foundation/Application.php(237): Illuminate\\Foundation\\Bootstrap\\RegisterFacades->bootstrap()
#6 /home/tistech/dev/github/epitech/mirror/terracloud-app/vendor/laravel/framework/src/Illuminate/Foundation/Console/Kernel.php(310): Illuminate\\Foundation\\Application->bootstrapWith()
#7 /home/tistech/dev/github/epitech/mirror/terracloud-app/vendor/laravel/framework/src/Illuminate/Foundation/Console/Kernel.php(127): Illuminate\\Foundation\\Console\\Kernel->bootstrap()
#8 /home/tistech/dev/github/epitech/mirror/terracloud-app/artisan(37): Illuminate\\Foundation\\Console\\Kernel->handle()
#9 {main}
"} 
[2024-11-22 09:34:01] production.ERROR: Please provide a valid cache path. {"exception":"[object] (InvalidArgumentException(code: 0): Please provide a valid cache path. at /home/tistech/dev/github/epitech/mirror/terracloud-app/vendor/laravel/framework/src/Illuminate/View/Compilers/Compiler.php:36)
[stacktrace]
#0 /home/tistech/dev/github/epitech/mirror/terracloud-app/vendor/laravel/framework/src/Illuminate/View/ViewServiceProvider.php(88): Illuminate\\View\\Compilers\\Compiler->__construct()
#1 /home/tistech/dev/github/epitech/mirror/terracloud-app/vendor/laravel/framework/src/Illuminate/Container/Container.php(873): Illuminate\\View\\ViewServiceProvider->Illuminate\\View\\{closure}()
#2 /home/tistech/dev/github/epitech/mirror/terracloud-app/vendor/laravel/framework/src/Illuminate/Container/Container.php(758): Illuminate\\Container\\Container->build()
#3 /home/tistech/dev/github/epitech/mirror/terracloud-app/vendor/laravel/framework/src/Illuminate/Foundation/Application.php(853): Illuminate\\Container\\Container->resolve()
#4 /home/tistech/dev/github/epitech/mirror/terracloud-app/vendor/laravel/framework/src/Illuminate/Container/Container.php(694): Illuminate\\Foundation\\Application->resolve()
#5 /home/tistech/dev/github/epitech/mirror/terracloud-app/vendor/laravel/framework/src/Illuminate/Foundation/Application.php(838): Illuminate\\Container\\Container->make()
#6 /home/tistech/dev/github/epitech/mirror/terracloud-app/vendor/laravel/framework/src/Illuminate/Container/Container.php(1419): Illuminate\\Foundation\\Application->make()
#7 /home/tistech/dev/github/epitech/mirror/terracloud-app/vendor/laravel/framework/src/Illuminate/View/ViewServiceProvider.php(150): Illuminate\\Container\\Container->offsetGet()
#8 [internal function]: Illuminate\\View\\ViewServiceProvider->Illuminate\\View\\{closure}()
#9 /home/tistech/dev/github/epitech/mirror/terracloud-app/vendor/laravel/framework/src/Illuminate/View/Engines/EngineResolver.php(55): call_user_func()
#10 /home/tistech/dev/github/epitech/mirror/terracloud-app/vendor/facade/ignition/src/IgnitionServiceProvider.php(467): Illuminate\\View\\Engines\\EngineResolver->resolve()
#11 /home/tistech/dev/github/epitech/mirror/terracloud-app/vendor/facade/ignition/src/IgnitionServiceProvider.php(158): Facade\\Ignition\\IgnitionServiceProvider->hasCustomViewEnginesRegistered()
#12 /home/tistech/dev/github/epitech/mirror/terracloud-app/vendor/facade/ignition/src/IgnitionServiceProvider.php(101): Facade\\Ignition\\IgnitionServiceProvider->registerViewEngines()
#13 /home/tistech/dev/github/epitech/mirror/terracloud-app/vendor/laravel/framework/src/Illuminate/Container/BoundMethod.php(36): Facade\\Ignition\\IgnitionServiceProvider->boot()
#14 /home/tistech/dev/github/epitech/mirror/terracloud-app/vendor/laravel/framework/src/Illuminate/Container/Util.php(40): Illuminate\\Container\\BoundMethod::Illuminate\\Container\\{closure}()
#15 /home/tistech/dev/github/epitech/mirror/terracloud-app/vendor/laravel/framework/src/Illuminate/Container/BoundMethod.php(93): Illuminate\\Container\\Util::unwrapIfClosure()
#16 /home/tistech/dev/github/epitech/mirror/terracloud-app/vendor/laravel/framework/src/Illuminate/Container/BoundMethod.php(37): Illuminate\\Container\\BoundMethod::callBoundMethod()
#17 /home/tistech/dev/github/epitech/mirror/terracloud-app/vendor/laravel/framework/src/Illuminate/Container/Container.php(653): Illuminate\\Container\\BoundMethod::call()
#18 /home/tistech/dev/github/epitech/mirror/terracloud-app/vendor/laravel/framework/src/Illuminate/Foundation/Application.php(926): Illuminate\\Container\\Container->call()
#19 /home/tistech/dev/github/epitech/mirror/terracloud-app/vendor/laravel/framework/src/Illuminate/Foundation/Application.php(907): Illuminate\\Foundation\\Application->bootProvider()
#20 [internal function]: Illuminate\\Foundation\\Application->Illuminate\\Foundation\\{closure}()
#21 /home/tistech/dev/github/epitech/mirror/terracloud-app/vendor/laravel/framework/src/Illuminate/Foundation/Application.php(908): array_walk()
#22 /home/tistech/dev/github/epitech/mirror/terracloud-app/vendor/laravel/framework/src/Illuminate/Foundation/Bootstrap/BootProviders.php(17): Illuminate\\Foundation\\Application->boot()
#23 /home/tistech/dev/github/epitech/mirror/terracloud-app/vendor/laravel/framework/src/Illuminate/Foundation/Application.php(237): Illuminate\\Foundation\\Bootstrap\\BootProviders->bootstrap()
#24 /home/tistech/dev/github/epitech/mirror/terracloud-app/vendor/laravel/framework/src/Illuminate/Foundation/Console/Kernel.php(310): Illuminate\\Foundation\\Application->bootstrapWith()
#25 /home/tistech/dev/github/epitech/mirror/terracloud-app/vendor/laravel/framework/src/Illuminate/Foundation/Console/Kernel.php(127): Illuminate\\Foundation\\Console\\Kernel->bootstrap()
#26 /home/tistech/dev/github/epitech/mirror/terracloud-app/artisan(37): Illuminate\\Foundation\\Console\\Kernel->handle()
#27 {main}
"} 
